
0.2.1-beta version

- Bordered button fixed. Border made more lighter.
- New Component
    - Alert Component



0.2.3-beta version

- Documentation layout
- Button Component Docs Page
- Alert Component Docs Page
- Edit Alert component fixing design bugs.
- Edit Alert component new props added `direction`.
- Accordion Component
- Framer-motion added to ui
- Accordion Component Docs Page


0.2.4-beta version
- Documentation improvment
    - Show/Hide code for more performance
    - change code theme for better ui experience
    - Button component page: Code made more clean and readable.
- Button Component: Core Changes: Adobe React-Aria/Button added to improve button component
- New Components
    - Text Component